== VERIFY-FULL START 20250924-123808 ==
--- git status ---
On branch hotfix/glow-qty-20250924
Your branch is ahead of 'origin/hotfix/glow-qty-20250924' by 5 commits.
  (use "git push" to publish your local commits)

Changes not staged for commit:
  (use "git add <file>..." to update what will be committed)
  (use "git restore <file>..." to discard changes in working directory)
	modified:   tsconfig.tsbuildinfo

no changes added to commit (use "git add" and/or "git commit -a")
--- tsc ---

[41m                                                                               [0m
[41m[37m                This is not the tsc command you are looking for                [0m
[41m                                                                               [0m

To get access to the TypeScript compiler, [34mtsc[0m, from the command line either:

- Use [1mnpm install typescript[0m to first add TypeScript to your project [1mbefore[0m using npx
- Use [1myarn[0m to avoid accidentally running code from un-installed packages
--- build ---

> ticket-system@1.0.0 build
> next build

'next' ã¯ã€å†…éƒ¨ã‚³ãƒãƒ³ãƒ‰ã¾ãŸã¯å¤–éƒ¨ã‚³ãƒãƒ³ãƒ‰ã€
æ“ä½œå¯èƒ½ãªãƒ—ãƒ­ã‚°ãƒ©ãƒ ã¾ãŸã¯ãƒãƒƒãƒ ãƒ•ã‚¡ã‚¤ãƒ«ã¨ã—ã¦èªè­˜ã•ã‚Œã¦ã„ã¾ã›ã‚“ã€‚
--- verify ---

> ticket-system@1.0.0 verify
> pwsh ./tools/Verify-Handoff.ps1

== VERIFY: FAIL ==
 - MISMATCH: lib/layout.ts ? æ”¯æ‰•ã„ç”¨ã®ç™ºå…‰/ã‚¹ã‚­ãƒ³å¤‰æ•°ãƒ¦ãƒ¼ãƒ†ã‚£ãƒªãƒ†ã‚£
 - MISMATCH: tailwind.config.js ? Tailwind ã« twglow ãƒ—ãƒ©ã‚°ã‚¤ãƒ³ãŒç™»éŒ²æ¸ˆã¿
